commit c7deaf0cf730d3d68b1b52e48e154dd484e9e082
Author: Rkyzzy <982993741@qq.com>
Date:   Mon Feb 3 11:43:49 2020 -0800

    slight change

commit 3c59ff217589b72972000df0c31ece7cf76ee2cd
Author: Rkyzzy <982993741@qq.com>
Date:   Mon Feb 3 19:34:07 2020 +0000

    Added the git log to your lab00 folder

commit dbf807c4c834d83cc093799d669908c70d00576b
Merge: 26594b9 94de0b5
Author: Rkyzzy <982993741@qq.com>
Date:   Mon Feb 3 11:31:25 2020 -0800

    Merge branch 'master' of https://github.com/61c-student/sp20-lab-Rkyzzy

commit 26594b9ef57d4d0f354d9583c86d48b4b412a33f
Author: Rkyzzy <982993741@qq.com>
Date:   Mon Feb 3 11:02:26 2020 -0800

    third commit.

commit 94de0b5656696d153d3d3b9143bb70ed25e6d7bf
Author: Rkyzzy <982993741@qq.com>
Date:   Mon Feb 3 11:00:03 2020 -0800

    second commit.

commit 58299c412f988bc1c00f932d6ebbfae0bb383346
Author: Rkyzzy <982993741@qq.com>
Date:   Mon Feb 3 10:37:14 2020 -0800

    initial commit

commit 979bef9f2d640598a1c97b175cc158ab5efc1baa
Merge: d657edb dbab482
Author: Daniel Zhang <dzdaniel84@gmail.com>
Date:   Sun Feb 2 17:13:13 2020 -0800

    Merge branch 'master' of github.com:61c-teach/sp20-lab-starter

commit d657edb71158f32b81e5803a3f49abbdeac530b2
Author: Daniel Zhang <dzdaniel84@gmail.com>
Date:   Sun Feb 2 17:12:25 2020 -0800

    Added make.txt

commit e2724923e08bd5ad6342eab327ed94d4cb7cf3da
Author: Daniel Zhang <dzdaniel84@gmail.com>
Date:   Sun Feb 2 11:54:14 2020 -0800

    Removed vector directive from makefile

commit 86538ab0a0b75389182807988ca527b37addd36c
Author: Daniel Zhang <dzdaniel84@gmail.com>
Date:   Sat Feb 1 22:36:38 2020 -0800

    Changing makefile to have students read it instead of just write their own

commit 7d7eff3aa6bfbeb7e7a768fc18e2f87ad90a579e
Author: Daniel Zhang <dzdaniel84@gmail.com>
Date:   Thu Jan 30 23:54:31 2020 -0800

    modified vector.h and makefile to include lines that the students will have to insert

commit 43f53d50f26fb4f509ad6dbc2b95a10f2a38267b
Author: Daniel Zhang <dzdaniel84@gmail.com>
Date:   Wed Jan 29 22:58:41 2020 -0800

    Uploaded lab02

commit dbab482083a3eebdf56ad2ece9cefe06bfff67b8
Merge: dca8287 7c03d95
Author: Daniel Zhang <contact@daniel-zhang.me>
Date:   Wed Jan 29 17:21:17 2020 -0800

    Merge pull request #3 from 61c-teach/lab01
    
    Added lab 1 starter

commit 7c03d950e1a3364b9f5f946f78eb4e367827dc64
Author: Daniel Zhang <dzdaniel84@gmail.com>
Date:   Wed Jan 29 16:40:14 2020 -0800

    Added lab 1 starter

commit dca82876ade6fa714c83ae18ee08a323931946b4
Author: Charles Hong <charleshong@berkeley.edu>
Date:   Thu Jan 23 22:40:01 2020 -0800

    lab00 released

commit 2cb39cc79f22710e979b3468692301849a8f8125
Author: Stephan K <thaumicmekanism@gmail.com>
Date:   Thu Jan 9 20:04:40 2020 -0800

    Create .gitignore

commit 1d3911697000e7e81cfd9f7cc691e0781c80856a
Author: Stephan K <thaumicmekanism@gmail.com>
Date:   Thu Jan 9 20:01:31 2020 -0800

    Create README.md
